<?xml version="1.0" encoding="UTF-8"?>
<Site BuildName="(empty)"
	BuildStamp="20250529-1340-Experimental"
	Name="(empty)"
	Generator="ctest-3.22.1"
	CompilerName=""
	CompilerVersion=""
	OSName="Linux"
	Hostname="2hour"
	OSRelease="5.15.167.4-microsoft-standard-WSL2"
	OSVersion="#1 SMP Tue Nov 5 00:21:55 UTC 2024"
	OSPlatform="x86_64"
	Is64Bits="1"
	VendorString="GenuineIntel"
	VendorID="Intel Corporation"
	FamilyID="6"
	ModelID="183"
	ProcessorCacheSize="33792"
	NumberOfLogicalCPU="28"
	NumberOfPhysicalCPU="14"
	TotalVirtualMemory="4096"
	TotalPhysicalMemory="15846"
	LogicalProcessorsPerPhysical="2"
	ProcessorClockFrequency="2304"
	>
	<Testing>
		<StartDateTime>May 29 21:40 CST</StartDateTime>
		<StartTestTime>1748526050</StartTestTime>
		<TestList/>
		<EndDateTime>May 29 21:40 CST</EndDateTime>
		<EndTestTime>1748526050</EndTestTime>
		<ElapsedMinutes>0</ElapsedMinutes>
	</Testing>
</Site>
